<?xml version="1.0" encoding="UTF-8"?>
<!-- Generated by org.testng.reporters.JUnitXMLReporter -->
<testsuite hostname="SCL258" name="Command line test" tests="7" failures="0" timestamp="3 Feb 2020 07:02:55 GMT" time="0.123" errors="0">
  <testcase name="@BeforeSuite initialize" time="0.0" classname="com.test.TestUndostres">
    <failure type="org.openqa.selenium.WebDriverException" message="unknown error: unhandled inspector error: {&amp;quot;code&amp;quot;:-32000,&amp;quot;message&amp;quot;:&amp;quot;No target with given id&amp;quot;}
  (Session info: chrome=79.0.3945.130)
  (Driver info: chromedriver=78.0.3904.105 (60e2d8774a8151efa6a00b1f358371b1e0e07ee2-refs/branch-heads/3904@{#877}),platform=Windows NT 10.0.16299 x86_64) (WARNING: The server did not provide any stacktrace information)
Command duration or timeout: 1.05 seconds
Build info: version: &amp;apos;2.45.0&amp;apos;, revision: &amp;apos;5017cb8e7ca8e37638dc3091b2440b90a1d8686f&amp;apos;, time: &amp;apos;2015-02-27 09:10:26&amp;apos;
System info: host: &amp;apos;SCL258&amp;apos;, ip: &amp;apos;192.168.177.87&amp;apos;, os.name: &amp;apos;Windows 10&amp;apos;, os.arch: &amp;apos;amd64&amp;apos;, os.version: &amp;apos;10.0&amp;apos;, java.version: &amp;apos;1.8.0_151&amp;apos;
Driver info: org.openqa.selenium.chrome.ChromeDriver
Capabilities [{mobileEmulationEnabled=false, timeouts={implicit=0, pageLoad=300000, script=30000}, hasTouchScreen=false, platform=XP, acceptSslCerts=false, goog:chromeOptions={debuggerAddress=localhost:53127}, acceptInsecureCerts=false, webStorageEnabled=true, browserName=chrome, takesScreenshot=true, javascriptEnabled=true, setWindowRect=true, unexpectedAlertBehaviour=ignore, applicationCacheEnabled=false, rotatable=false, networkConnectionEnabled=false, chrome={chromedriverVersion=78.0.3904.105 (60e2d8774a8151efa6a00b1f358371b1e0e07ee2-refs/branch-heads/3904@{#877}), userDataDir=C:\Users\SHIPRA~1.GUP\AppData\Local\Temp\scoped_dir9348_1937750415}, takesHeapSnapshot=true, pageLoadStrategy=normal, strictFileInteractability=false, databaseEnabled=false, handlesAlerts=true, version=79.0.3945.130, browserConnectionEnabled=false, proxy={}, nativeEvents=true, locationContextEnabled=true, cssSelectorsEnabled=true}]
Session ID: 06c263162884fee447b5ccf37253659e">
      <![CDATA[org.openqa.selenium.WebDriverException: unknown error: unhandled inspector error: {"code":-32000,"message":"No target with given id"}
  (Session info: chrome=79.0.3945.130)
  (Driver info: chromedriver=78.0.3904.105 (60e2d8774a8151efa6a00b1f358371b1e0e07ee2-refs/branch-heads/3904@{#877}),platform=Windows NT 10.0.16299 x86_64) (WARNING: The server did not provide any stacktrace information)
Command duration or timeout: 1.05 seconds
Build info: version: '2.45.0', revision: '5017cb8e7ca8e37638dc3091b2440b90a1d8686f', time: '2015-02-27 09:10:26'
System info: host: 'SCL258', ip: '192.168.177.87', os.name: 'Windows 10', os.arch: 'amd64', os.version: '10.0', java.version: '1.8.0_151'
Driver info: org.openqa.selenium.chrome.ChromeDriver
Capabilities [{mobileEmulationEnabled=false, timeouts={implicit=0, pageLoad=300000, script=30000}, hasTouchScreen=false, platform=XP, acceptSslCerts=false, goog:chromeOptions={debuggerAddress=localhost:53127}, acceptInsecureCerts=false, webStorageEnabled=true, browserName=chrome, takesScreenshot=true, javascriptEnabled=true, setWindowRect=true, unexpectedAlertBehaviour=ignore, applicationCacheEnabled=false, rotatable=false, networkConnectionEnabled=false, chrome={chromedriverVersion=78.0.3904.105 (60e2d8774a8151efa6a00b1f358371b1e0e07ee2-refs/branch-heads/3904@{#877}), userDataDir=C:\Users\SHIPRA~1.GUP\AppData\Local\Temp\scoped_dir9348_1937750415}, takesHeapSnapshot=true, pageLoadStrategy=normal, strictFileInteractability=false, databaseEnabled=false, handlesAlerts=true, version=79.0.3945.130, browserConnectionEnabled=false, proxy={}, nativeEvents=true, locationContextEnabled=true, cssSelectorsEnabled=true}]
Session ID: 06c263162884fee447b5ccf37253659e
	at org.openqa.selenium.remote.ErrorHandler.createThrowable(ErrorHandler.java:204)
	at org.openqa.selenium.remote.ErrorHandler.throwIfResponseFailed(ErrorHandler.java:156)
	at org.openqa.selenium.remote.RemoteWebDriver.execute(RemoteWebDriver.java:599)
	at org.openqa.selenium.remote.RemoteWebDriver$RemoteWebDriverOptions$RemoteWindow.maximize(RemoteWebDriver.java:837)
	at com.test.TestUndostres.initialize(TestUndostres.java:48)
... Removed 31 stack frames]]>
    </failure>
  </testcase> <!-- @BeforeSuite initialize -->
  <testcase name="@BeforeTest clear" time="0.0" classname="com.test.TestUndostres">
    <skipped/>
  </testcase> <!-- @BeforeTest clear -->
  <testcase name="@AfterMethod takeScreenShotOnFailure" time="0.0" classname="com.test.TestUndostres">
    <skipped/>
  </testcase> <!-- @AfterMethod takeScreenShotOnFailure -->
  <testcase name="launchUndestores" time="0.001" classname="com.test.TestUndostres">
    <skipped/>
  </testcase> <!-- launchUndestores -->
  <testcase name="rechargeCell" time="0.0" classname="com.test.TestUndostres">
    <skipped/>
  </testcase> <!-- rechargeCell -->
  <testcase name="cellDetails" time="0.0" classname="com.test.TestUndostres">
    <skipped/>
  </testcase> <!-- cellDetails -->
  <testcase name="signInForPayment" time="0.0" classname="com.test.TestUndostres">
    <skipped/>
  </testcase> <!-- signInForPayment -->
  <testcase name="cardPayment" time="0.001" classname="com.test.TestUndostres">
    <skipped/>
  </testcase> <!-- cardPayment -->
  <testcase name="finalDetails" time="0.0" classname="com.test.TestUndostres">
    <skipped/>
  </testcase> <!-- finalDetails -->
  <testcase name="successfulPayment" time="0.0" classname="com.test.TestUndostres">
    <skipped/>
  </testcase> <!-- successfulPayment -->
</testsuite> <!-- Command line test -->
