<?xml version="1.0" encoding="UTF-8"?>
<!-- Generated by org.testng.reporters.JUnitXMLReporter -->
<testsuite hostname="SCL258" name="Default test" tests="7" failures="0" timestamp="3 Feb 2020 07:11:51 GMT" time="52.949" errors="0">
  <testcase name="launchUndestores" time="15.061" classname="com.test.TestUndostres"/>
  <testcase name="rechargeCell" time="2.281" classname="com.test.TestUndostres"/>
  <testcase name="cellDetails" time="0.665" classname="com.test.TestUndostres"/>
  <testcase name="signInForPayment" time="15.24" classname="com.test.TestUndostres"/>
  <testcase name="cardPayment" time="5.903" classname="com.test.TestUndostres"/>
  <testcase name="finalDetails" time="3.512" classname="com.test.TestUndostres"/>
  <testcase name="successfulPayment" time="10.236" classname="com.test.TestUndostres"/>
</testsuite> <!-- Default test -->
