<?xml version="1.0" encoding="UTF-8"?>
<testng-results skipped="7" failed="0" total="7" passed="0">
  <reporter-output>
  </reporter-output>
  <suite name="com.test.TestUndostres" duration-ms="123" started-at="2020-02-03T07:02:55Z" finished-at="2020-02-03T07:02:55Z">
    <groups>
    </groups>
    <test name="Command line test" duration-ms="123" started-at="2020-02-03T07:02:55Z" finished-at="2020-02-03T07:02:55Z">
      <class name="com.test.TestUndostres">
        <test-method status="FAIL" signature="initialize()[pri:0, instance:com.test.TestUndostres@180bc464]" name="initialize" is-config="true" duration-ms="0" started-at="2020-02-03T12:32:49Z" finished-at="2020-02-03T12:32:49Z">
          <exception class="org.openqa.selenium.WebDriverException">
            <message>
              <![CDATA[unknown error: unhandled inspector error: {"code":-32000,"message":"No target with given id"}
  (Session info: chrome=79.0.3945.130)
  (Driver info: chromedriver=78.0.3904.105 (60e2d8774a8151efa6a00b1f358371b1e0e07ee2-refs/branch-heads/3904@{#877}),platform=Windows NT 10.0.16299 x86_64) (WARNING: The server did not provide any stacktrace information)
Command duration or timeout: 1.05 seconds
Build info: version: '2.45.0', revision: '5017cb8e7ca8e37638dc3091b2440b90a1d8686f', time: '2015-02-27 09:10:26'
System info: host: 'SCL258', ip: '192.168.177.87', os.name: 'Windows 10', os.arch: 'amd64', os.version: '10.0', java.version: '1.8.0_151'
Driver info: org.openqa.selenium.chrome.ChromeDriver
Capabilities [{mobileEmulationEnabled=false, timeouts={implicit=0, pageLoad=300000, script=30000}, hasTouchScreen=false, platform=XP, acceptSslCerts=false, goog:chromeOptions={debuggerAddress=localhost:53127}, acceptInsecureCerts=false, webStorageEnabled=true, browserName=chrome, takesScreenshot=true, javascriptEnabled=true, setWindowRect=true, unexpectedAlertBehaviour=ignore, applicationCacheEnabled=false, rotatable=false, networkConnectionEnabled=false, chrome={chromedriverVersion=78.0.3904.105 (60e2d8774a8151efa6a00b1f358371b1e0e07ee2-refs/branch-heads/3904@{#877}), userDataDir=C:\Users\SHIPRA~1.GUP\AppData\Local\Temp\scoped_dir9348_1937750415}, takesHeapSnapshot=true, pageLoadStrategy=normal, strictFileInteractability=false, databaseEnabled=false, handlesAlerts=true, version=79.0.3945.130, browserConnectionEnabled=false, proxy={}, nativeEvents=true, locationContextEnabled=true, cssSelectorsEnabled=true}]
Session ID: 06c263162884fee447b5ccf37253659e]]>
            </message>
            <full-stacktrace>
              <![CDATA[org.openqa.selenium.WebDriverException: unknown error: unhandled inspector error: {"code":-32000,"message":"No target with given id"}
  (Session info: chrome=79.0.3945.130)
  (Driver info: chromedriver=78.0.3904.105 (60e2d8774a8151efa6a00b1f358371b1e0e07ee2-refs/branch-heads/3904@{#877}),platform=Windows NT 10.0.16299 x86_64) (WARNING: The server did not provide any stacktrace information)
Command duration or timeout: 1.05 seconds
Build info: version: '2.45.0', revision: '5017cb8e7ca8e37638dc3091b2440b90a1d8686f', time: '2015-02-27 09:10:26'
System info: host: 'SCL258', ip: '192.168.177.87', os.name: 'Windows 10', os.arch: 'amd64', os.version: '10.0', java.version: '1.8.0_151'
Driver info: org.openqa.selenium.chrome.ChromeDriver
Capabilities [{mobileEmulationEnabled=false, timeouts={implicit=0, pageLoad=300000, script=30000}, hasTouchScreen=false, platform=XP, acceptSslCerts=false, goog:chromeOptions={debuggerAddress=localhost:53127}, acceptInsecureCerts=false, webStorageEnabled=true, browserName=chrome, takesScreenshot=true, javascriptEnabled=true, setWindowRect=true, unexpectedAlertBehaviour=ignore, applicationCacheEnabled=false, rotatable=false, networkConnectionEnabled=false, chrome={chromedriverVersion=78.0.3904.105 (60e2d8774a8151efa6a00b1f358371b1e0e07ee2-refs/branch-heads/3904@{#877}), userDataDir=C:\Users\SHIPRA~1.GUP\AppData\Local\Temp\scoped_dir9348_1937750415}, takesHeapSnapshot=true, pageLoadStrategy=normal, strictFileInteractability=false, databaseEnabled=false, handlesAlerts=true, version=79.0.3945.130, browserConnectionEnabled=false, proxy={}, nativeEvents=true, locationContextEnabled=true, cssSelectorsEnabled=true}]
Session ID: 06c263162884fee447b5ccf37253659e
	at sun.reflect.NativeConstructorAccessorImpl.newInstance0(Native Method)
	at sun.reflect.NativeConstructorAccessorImpl.newInstance(NativeConstructorAccessorImpl.java:62)
	at sun.reflect.DelegatingConstructorAccessorImpl.newInstance(DelegatingConstructorAccessorImpl.java:45)
	at java.lang.reflect.Constructor.newInstance(Constructor.java:423)
	at org.openqa.selenium.remote.ErrorHandler.createThrowable(ErrorHandler.java:204)
	at org.openqa.selenium.remote.ErrorHandler.throwIfResponseFailed(ErrorHandler.java:156)
	at org.openqa.selenium.remote.RemoteWebDriver.execute(RemoteWebDriver.java:599)
	at org.openqa.selenium.remote.RemoteWebDriver$RemoteWebDriverOptions$RemoteWindow.maximize(RemoteWebDriver.java:837)
	at com.test.TestUndostres.initialize(TestUndostres.java:48)
	at sun.reflect.NativeMethodAccessorImpl.invoke0(Native Method)
	at sun.reflect.NativeMethodAccessorImpl.invoke(NativeMethodAccessorImpl.java:62)
	at sun.reflect.DelegatingMethodAccessorImpl.invoke(DelegatingMethodAccessorImpl.java:43)
	at java.lang.reflect.Method.invoke(Method.java:498)
	at org.testng.internal.MethodInvocationHelper.invokeMethod(MethodInvocationHelper.java:84)
	at org.testng.internal.Invoker.invokeConfigurationMethod(Invoker.java:564)
	at org.testng.internal.Invoker.invokeConfigurations(Invoker.java:213)
	at org.testng.internal.Invoker.invokeConfigurations(Invoker.java:138)
	at org.testng.SuiteRunner.privateRun(SuiteRunner.java:291)
	at org.testng.SuiteRunner.run(SuiteRunner.java:254)
	at org.testng.SuiteRunnerWorker.runSuite(SuiteRunnerWorker.java:52)
	at org.testng.SuiteRunnerWorker.run(SuiteRunnerWorker.java:86)
	at org.testng.TestNG.runSuitesSequentially(TestNG.java:1224)
	at org.testng.TestNG.runSuitesLocally(TestNG.java:1149)
	at org.testng.TestNG.run(TestNG.java:1057)
	at org.apache.maven.surefire.testng.TestNGExecutor.run(TestNGExecutor.java:77)
	at org.apache.maven.surefire.testng.TestNGDirectoryTestSuite.execute(TestNGDirectoryTestSuite.java:110)
	at org.apache.maven.surefire.testng.TestNGProvider.invoke(TestNGProvider.java:106)
	at sun.reflect.NativeMethodAccessorImpl.invoke0(Native Method)
	at sun.reflect.NativeMethodAccessorImpl.invoke(NativeMethodAccessorImpl.java:62)
	at sun.reflect.DelegatingMethodAccessorImpl.invoke(DelegatingMethodAccessorImpl.java:43)
	at java.lang.reflect.Method.invoke(Method.java:498)
	at org.apache.maven.surefire.util.ReflectionUtils.invokeMethodWithArray(ReflectionUtils.java:189)
	at org.apache.maven.surefire.booter.ProviderFactory$ProviderProxy.invoke(ProviderFactory.java:165)
	at org.apache.maven.surefire.booter.ProviderFactory.invokeProvider(ProviderFactory.java:85)
	at org.apache.maven.surefire.booter.ForkedBooter.runSuitesInProcess(ForkedBooter.java:115)
	at org.apache.maven.surefire.booter.ForkedBooter.main(ForkedBooter.java:75)
]]>
            </full-stacktrace>
          </exception> <!-- org.openqa.selenium.WebDriverException -->
          <reporter-output>
          </reporter-output>
        </test-method> <!-- initialize -->
        <test-method status="SKIP" signature="clear()[pri:0, instance:com.test.TestUndostres@180bc464]" name="clear" is-config="true" duration-ms="0" started-at="2020-02-03T12:32:55Z" finished-at="2020-02-03T12:32:55Z">
          <reporter-output>
          </reporter-output>
        </test-method> <!-- clear -->
        <test-method status="SKIP" signature="launchUndestores()[pri:0, instance:com.test.TestUndostres@180bc464]" name="launchUndestores" duration-ms="1" started-at="2020-02-03T12:32:55Z" finished-at="2020-02-03T12:32:55Z">
          <reporter-output>
          </reporter-output>
        </test-method> <!-- launchUndestores -->
        <test-method status="SKIP" signature="takeScreenShotOnFailure(org.testng.ITestResult)[pri:0, instance:com.test.TestUndostres@180bc464]" name="takeScreenShotOnFailure" is-config="true" duration-ms="0" started-at="2020-02-03T12:32:55Z" finished-at="2020-02-03T12:32:55Z">
          <reporter-output>
          </reporter-output>
        </test-method> <!-- takeScreenShotOnFailure -->
        <test-method status="SKIP" signature="rechargeCell()[pri:0, instance:com.test.TestUndostres@180bc464]" name="rechargeCell" duration-ms="0" started-at="2020-02-03T12:32:55Z" depends-on-methods="com.test.TestUndostres.launchUndestores" finished-at="2020-02-03T12:32:55Z">
          <reporter-output>
          </reporter-output>
        </test-method> <!-- rechargeCell -->
        <test-method status="SKIP" signature="signInForPayment()[pri:0, instance:com.test.TestUndostres@180bc464]" name="signInForPayment" duration-ms="0" started-at="2020-02-03T12:32:55Z" depends-on-methods="com.test.TestUndostres.cellDetails" finished-at="2020-02-03T12:32:55Z">
          <reporter-output>
          </reporter-output>
        </test-method> <!-- signInForPayment -->
        <test-method status="SKIP" signature="cardPayment()[pri:0, instance:com.test.TestUndostres@180bc464]" name="cardPayment" duration-ms="1" started-at="2020-02-03T12:32:55Z" depends-on-methods="com.test.TestUndostres.signInForPayment" finished-at="2020-02-03T12:32:55Z">
          <reporter-output>
          </reporter-output>
        </test-method> <!-- cardPayment -->
        <test-method status="SKIP" signature="cellDetails()[pri:0, instance:com.test.TestUndostres@180bc464]" name="cellDetails" duration-ms="0" started-at="2020-02-03T12:32:55Z" depends-on-methods="com.test.TestUndostres.rechargeCell" finished-at="2020-02-03T12:32:55Z">
          <reporter-output>
          </reporter-output>
        </test-method> <!-- cellDetails -->
        <test-method status="SKIP" signature="finalDetails()[pri:0, instance:com.test.TestUndostres@180bc464]" name="finalDetails" duration-ms="0" started-at="2020-02-03T12:32:55Z" depends-on-methods="com.test.TestUndostres.cardPayment" finished-at="2020-02-03T12:32:55Z">
          <reporter-output>
          </reporter-output>
        </test-method> <!-- finalDetails -->
        <test-method status="SKIP" signature="successfulPayment()[pri:0, instance:com.test.TestUndostres@180bc464]" name="successfulPayment" duration-ms="0" started-at="2020-02-03T12:32:55Z" depends-on-methods="com.test.TestUndostres.finalDetails" finished-at="2020-02-03T12:32:55Z">
          <reporter-output>
          </reporter-output>
        </test-method> <!-- successfulPayment -->
        <test-method status="SKIP" signature="tearDown()[pri:0, instance:com.test.TestUndostres@180bc464]" name="tearDown" is-config="true" duration-ms="0" started-at="2020-02-03T12:32:55Z" finished-at="2020-02-03T12:32:55Z">
          <reporter-output>
          </reporter-output>
        </test-method> <!-- tearDown -->
      </class> <!-- com.test.TestUndostres -->
    </test> <!-- Command line test -->
  </suite> <!-- com.test.TestUndostres -->
</testng-results>
